release	Set up job	∩╗┐2026-02-22T14:23:21.3164956Z Current runner version: '2.331.0'
release	Set up job	2026-02-22T14:23:21.3199481Z ##[group]Runner Image Provisioner
release	Set up job	2026-02-22T14:23:21.3200808Z Hosted Compute Agent
release	Set up job	2026-02-22T14:23:21.3201929Z Version: 20260123.484
release	Set up job	2026-02-22T14:23:21.3203027Z Commit: 6bd6555ca37d84114959e1c76d2c01448ff61c5d
release	Set up job	2026-02-22T14:23:21.3204170Z Build Date: 2026-01-23T19:41:17Z
release	Set up job	2026-02-22T14:23:21.3205242Z Worker ID: {5cc7038f-76de-4426-a333-39b925b26904}
release	Set up job	2026-02-22T14:23:21.3206451Z Azure Region: eastus2
release	Set up job	2026-02-22T14:23:21.3207349Z ##[endgroup]
release	Set up job	2026-02-22T14:23:21.3210068Z ##[group]Operating System
release	Set up job	2026-02-22T14:23:21.3211504Z Ubuntu
release	Set up job	2026-02-22T14:23:21.3212340Z 24.04.3
release	Set up job	2026-02-22T14:23:21.3213057Z LTS
release	Set up job	2026-02-22T14:23:21.3213851Z ##[endgroup]
release	Set up job	2026-02-22T14:23:21.3214664Z ##[group]Runner Image
release	Set up job	2026-02-22T14:23:21.3215782Z Image: ubuntu-24.04
release	Set up job	2026-02-22T14:23:21.3216642Z Version: 20260201.15.1
release	Set up job	2026-02-22T14:23:21.3218415Z Included Software: https://github.com/actions/runner-images/blob/ubuntu24/20260201.15/images/ubuntu/Ubuntu2404-Readme.md
release	Set up job	2026-02-22T14:23:21.3221726Z Image Release: https://github.com/actions/runner-images/releases/tag/ubuntu24%2F20260201.15
release	Set up job	2026-02-22T14:23:21.3223378Z ##[endgroup]
release	Set up job	2026-02-22T14:23:21.3225107Z ##[group]GITHUB_TOKEN Permissions
release	Set up job	2026-02-22T14:23:21.3227578Z Contents: write
release	Set up job	2026-02-22T14:23:21.3228562Z Metadata: read
release	Set up job	2026-02-22T14:23:21.3229320Z ##[endgroup]
release	Set up job	2026-02-22T14:23:21.3232361Z Secret source: Actions
release	Set up job	2026-02-22T14:23:21.3233657Z Prepare workflow directory
release	Set up job	2026-02-22T14:23:21.3714840Z Prepare all required actions
release	Set up job	2026-02-22T14:23:21.3771897Z Getting action download info
release	Set up job	2026-02-22T14:23:21.6144826Z Download action repository 'actions/download-artifact@v4' (SHA:d3f86a106a0bac45b974a628896c90dbdf5c8093)
release	Set up job	2026-02-22T14:23:21.9067486Z Download action repository 'softprops/action-gh-release@v2' (SHA:a06a81a03ee405af7f2048a818ed3f03bbf83c7b)
release	Set up job	2026-02-22T14:23:22.1975472Z Complete job name: release
release	Download all artifacts	∩╗┐2026-02-22T14:23:22.2719446Z ##[group]Run actions/download-artifact@v4
release	Download all artifacts	2026-02-22T14:23:22.2721127Z with:
release	Download all artifacts	2026-02-22T14:23:22.2722164Z   merge-multiple: false
release	Download all artifacts	2026-02-22T14:23:22.2723137Z   repository: rooomer/passwall2-webapp
release	Download all artifacts	2026-02-22T14:23:22.2724214Z   run-id: 22278900891
release	Download all artifacts	2026-02-22T14:23:22.2725355Z ##[endgroup]
release	Download all artifacts	2026-02-22T14:23:22.5774938Z Found 0 artifact(s)
release	Download all artifacts	2026-02-22T14:23:22.5778209Z No input name, artifact-ids or pattern filtered specified, downloading all artifacts
release	Download all artifacts	2026-02-22T14:23:22.5780623Z An extra directory with the artifact name will be created for each download
release	Download all artifacts	2026-02-22T14:23:22.5782566Z Total of 0 artifact(s) downloaded
release	Download all artifacts	2026-02-22T14:23:22.5784321Z Download artifact has finished successfully
release	Prepare release files	∩╗┐2026-02-22T14:23:22.5972653Z ##[group]Run mkdir -p release
release	Prepare release files	2026-02-22T14:23:22.5973759Z [36;1mmkdir -p release[0m
release	Prepare release files	2026-02-22T14:23:22.5975442Z [36;1m# actions/download-artifact@v4 with no path will create directories for each artifact name[0m
release	Prepare release files	2026-02-22T14:23:22.5977309Z [36;1mfor dir in slipstream-client-*; do[0m
release	Prepare release files	2026-02-22T14:23:22.5978386Z [36;1m  if [ -d "$dir" ]; then[0m
release	Prepare release files	2026-02-22T14:23:22.5979975Z [36;1m    # Get the file inside the directory and move it to release/ named as the artifact name[0m
release	Prepare release files	2026-02-22T14:23:22.5981905Z [36;1m    mv "$dir"/* "release/$dir"[0m
release	Prepare release files	2026-02-22T14:23:22.5982962Z [36;1m    chmod +x "release/$dir"[0m
release	Prepare release files	2026-02-22T14:23:22.5983920Z [36;1m  fi[0m
release	Prepare release files	2026-02-22T14:23:22.5984636Z [36;1mdone[0m
release	Prepare release files	2026-02-22T14:23:22.5985382Z [36;1mls -la release/[0m
release	Prepare release files	2026-02-22T14:23:22.6022134Z shell: /usr/bin/bash -e {0}
release	Prepare release files	2026-02-22T14:23:22.6023083Z ##[endgroup]
release	Prepare release files	2026-02-22T14:23:22.6126815Z total 8
release	Prepare release files	2026-02-22T14:23:22.6127992Z drwxr-xr-x 2 runner runner 4096 Feb 22 14:23 .
release	Prepare release files	2026-02-22T14:23:22.6129231Z drwxr-xr-x 3 runner runner 4096 Feb 22 14:23 ..
release	Create or update release	∩╗┐2026-02-22T14:23:22.6271057Z ##[group]Run softprops/action-gh-release@v2
release	Create or update release	2026-02-22T14:23:22.6272308Z with:
release	Create or update release	2026-02-22T14:23:22.6273046Z   tag_name: slipstream-latest
release	Create or update release	2026-02-22T14:23:22.6274043Z   name: Slipstream Client (OpenWrt musl builds)
release	Create or update release	2026-02-22T14:23:22.6277963Z   body: Automatically built `slipstream-client` binaries for OpenWrt (musl libc).
release	Create or update release	Statically linked ΓÇö ready to run on OpenWrt routers.
release	Create or update release	
release	Create or update release	| File | Architecture |
release	Create or update release	|------|-------------|
release	Create or update release	| `slipstream-client-linux-amd64-musl` | x86_64 |
release	Create or update release	| `slipstream-client-linux-arm64-musl` | aarch64 (ARM64) |
release	Create or update release	
release	Create or update release	2026-02-22T14:23:22.6282181Z   files: release/*
release	Create or update release	2026-02-22T14:23:22.6282936Z   prerelease: false
release	Create or update release	2026-02-22T14:23:22.6283698Z   make_latest: true
release	Create or update release	2026-02-22T14:23:22.6284459Z   overwrite_files: true
release	Create or update release	2026-02-22T14:23:22.6285618Z   token: ***
release	Create or update release	2026-02-22T14:23:22.6286307Z ##[endgroup]
release	Create or update release	2026-02-22T14:23:22.7335762Z ≡ƒñö Pattern 'release/*' does not match any files.
release	Create or update release	2026-02-22T14:23:23.0029148Z Found release Slipstream Client (OpenWrt musl builds) (with id=289144300)
release	Create or update release	2026-02-22T14:23:23.2452766Z ≡ƒñö release/* does not include a valid file.
release	Create or update release	2026-02-22T14:23:23.2459076Z Finalizing release...
release	Create or update release	2026-02-22T14:23:23.4552488Z ≡ƒÄë Release ready at https://github.com/rooomer/passwall2-webapp/releases/tag/slipstream-latest
release	Complete job	∩╗┐2026-02-22T14:23:23.4650904Z Cleaning up orphan processes
